Determining if the pthread_create exist failed with the following output:
Change Dir: /home/moh/Desktop/Thesis/Task1/Stereo-Tracking/CMakeFiles/CMakeTmp

Run Build Command:"/usr/bin/make" "cmTC_6adf3/fast"
/usr/bin/make -f CMakeFiles/cmTC_6adf3.dir/build.make CMakeFiles/cmTC_6adf3.dir/build
make[1]: Entering directory '/home/moh/Desktop/Thesis/Task1/Stereo-Tracking/CMakeFiles/CMakeTmp'
Building CXX object CMakeFiles/cmTC_6adf3.dir/CheckSymbolExists.cxx.o
/usr/bin/c++      -o CMakeFiles/cmTC_6adf3.dir/CheckSymbolExists.cxx.o -c /home/moh/Desktop/Thesis/Task1/Stereo-Tracking/CMakeFiles/CMakeTmp/CheckSymbolExists.cxx
Linking CXX executable cmTC_6adf3
/usr/bin/cmake -E cmake_link_script CMakeFiles/cmTC_6adf3.dir/link.txt --verbose=1
/usr/bin/c++        CMakeFiles/cmTC_6adf3.dir/CheckSymbolExists.cxx.o  -o cmTC_6adf3 -rdynamic 
CMakeFiles/cmTC_6adf3.dir/CheckSymbolExists.cxx.o: In function `main':
CheckSymbolExists.cxx:(.text+0x16): undefined reference to `pthread_create'
collect2: error: ld returned 1 exit status
CMakeFiles/cmTC_6adf3.dir/build.make:97: recipe for target 'cmTC_6adf3' failed
make[1]: *** [cmTC_6adf3] Error 1
make[1]: Leaving directory '/home/moh/Desktop/Thesis/Task1/Stereo-Tracking/CMakeFiles/CMakeTmp'
Makefile:126: recipe for target 'cmTC_6adf3/fast' failed
make: *** [cmTC_6adf3/fast] Error 2

File /home/moh/Desktop/Thesis/Task1/Stereo-Tracking/CMakeFiles/CMakeTmp/CheckSymbolExists.cxx:
/* */
#include <pthread.h>

int main(int argc, char** argv)
{
  (void)argv;
#ifndef pthread_create
  return ((int*)(&pthread_create))[argc];
#else
  (void)argc;
  return 0;
#endif
}

Determining if the function pthread_create exists in the pthreads failed with the following output:
Change Dir: /home/moh/Desktop/Thesis/Task1/Stereo-Tracking/CMakeFiles/CMakeTmp

Run Build Command:"/usr/bin/make" "cmTC_46958/fast"
/usr/bin/make -f CMakeFiles/cmTC_46958.dir/build.make CMakeFiles/cmTC_46958.dir/build
make[1]: Entering directory '/home/moh/Desktop/Thesis/Task1/Stereo-Tracking/CMakeFiles/CMakeTmp'
Building CXX object CMakeFiles/cmTC_46958.dir/CheckFunctionExists.cxx.o
/usr/bin/c++     -DCHECK_FUNCTION_EXISTS=pthread_create   -o CMakeFiles/cmTC_46958.dir/CheckFunctionExists.cxx.o -c /home/moh/Desktop/Thesis/Task1/Stereo-Tracking/CMakeFiles/CheckLibraryExists/CheckFunctionExists.cxx
Linking CXX executable cmTC_46958
/usr/bin/cmake -E cmake_link_script CMakeFiles/cmTC_46958.dir/link.txt --verbose=1
/usr/bin/c++    -DCHECK_FUNCTION_EXISTS=pthread_create    CMakeFiles/cmTC_46958.dir/CheckFunctionExists.cxx.o  -o cmTC_46958 -rdynamic -lpthreads 
/usr/bin/ld: cannot find -lpthreads
collect2: error: ld returned 1 exit status
CMakeFiles/cmTC_46958.dir/build.make:97: recipe for target 'cmTC_46958' failed
make[1]: *** [cmTC_46958] Error 1
make[1]: Leaving directory '/home/moh/Desktop/Thesis/Task1/Stereo-Tracking/CMakeFiles/CMakeTmp'
Makefile:126: recipe for target 'cmTC_46958/fast' failed
make: *** [cmTC_46958/fast] Error 2


